<?xml version="1.0" encoding="UTF-8"?>
<testsuite name="com.learnreactspring.fluxandmonoplayground.FluxAndMonoFilterTest" tests="1" skipped="0" failures="0" errors="0" timestamp="2020-12-19T01:27:51" hostname="Chandras-MacBook-Pro.local" time="0.25">
  <properties/>
  <testcase name="filterTest()" classname="com.learnreactspring.fluxandmonoplayground.FluxAndMonoFilterTest" time="0.25"/>
  <system-out><![CDATA[20:27:51.742 [Test worker] DEBUG reactor.util.Loggers$LoggerFactory - Using Slf4j logging framework
20:27:51.775 [Test worker] INFO reactor.Flux.FilterFuseable.1 - | onSubscribe([Fuseable] FluxFilterFuseable.FilterFuseableSubscriber)
20:27:51.782 [Test worker] INFO reactor.Flux.FilterFuseable.1 - | request(unbounded)
20:27:51.782 [Test worker] INFO reactor.Flux.FilterFuseable.1 - | onNext(adam)
20:27:51.783 [Test worker] INFO reactor.Flux.FilterFuseable.1 - | onNext(anna)
20:27:51.784 [Test worker] INFO reactor.Flux.FilterFuseable.1 - | onComplete()
]]></system-out>
  <system-err><![CDATA[]]></system-err>
</testsuite>
