<?xml version="1.0" encoding="UTF-8"?>
<testsuite name="com.learnreactspring.controller.ItemControllerTest" tests="1" skipped="0" failures="0" errors="0" timestamp="2020-12-25T16:28:44" hostname="Chandras-MacBook-Pro.local" time="0.891">
  <properties/>
  <testcase name="runTimeException()" classname="com.learnreactspring.controller.ItemControllerTest" time="0.891"/>
  <system-out><![CDATA[11:28:39.942 [Test worker] DEBUG org.springframework.test.context.BootstrapUtils - Instantiating CacheAwareContextLoaderDelegate from class [org.springframework.test.context.cache.DefaultCacheAwareContextLoaderDelegate]
11:28:39.963 [Test worker] DEBUG org.springframework.test.context.BootstrapUtils - Instantiating BootstrapContext using constructor [public org.springframework.test.context.support.DefaultBootstrapContext(java.lang.Class,org.springframework.test.context.CacheAwareContextLoaderDelegate)]
11:28:40.000 [Test worker] DEBUG org.springframework.test.context.BootstrapUtils - Instantiating TestContextBootstrapper for test class [com.learnreactspring.controller.ItemControllerTest] from class [org.springframework.boot.test.context.SpringBootTestContextBootstrapper]
11:28:40.013 [Test worker] INFO org.springframework.boot.test.context.SpringBootTestContextBootstrapper - Neither @ContextConfiguration nor @ContextHierarchy found for test class [com.learnreactspring.controller.ItemControllerTest], using SpringBootContextLoader
11:28:40.018 [Test worker] DEBUG org.springframework.test.context.support.AbstractContextLoader - Did not detect default resource location for test class [com.learnreactspring.controller.ItemControllerTest]: class path resource [com/learnreactspring/controller/ItemControllerTest-context.xml] does not exist
11:28:40.018 [Test worker] DEBUG org.springframework.test.context.support.AbstractContextLoader - Did not detect default resource location for test class [com.learnreactspring.controller.ItemControllerTest]: class path resource [com/learnreactspring/controller/ItemControllerTestContext.groovy] does not exist
11:28:40.018 [Test worker] INFO org.springframework.test.context.support.AbstractContextLoader - Could not detect default resource locations for test class [com.learnreactspring.controller.ItemControllerTest]: no resource found for suffixes {-context.xml, Context.groovy}.
11:28:40.019 [Test worker] INFO org.springframework.test.context.support.AnnotationConfigContextLoaderUtils - Could not detect default configuration classes for test class [com.learnreactspring.controller.ItemControllerTest]: ItemControllerTest does not declare any static, non-private, non-final, nested classes annotated with @Configuration.
11:28:40.160 [Test worker] DEBUG org.springframework.context.annotation.ClassPathScanningCandidateComponentProvider - Identified candidate component class: file [/Users/ckgauro/Tutorial/github/SpringBootReactive/SpringBootReactive/build/classes/java/main/com/learnreactspring/LearnReactSpringApplication.class]
11:28:40.161 [Test worker] INFO org.springframework.boot.test.context.SpringBootTestContextBootstrapper - Found @SpringBootConfiguration com.learnreactspring.LearnReactSpringApplication for test class com.learnreactspring.controller.ItemControllerTest
11:28:40.254 [Test worker] DEBUG org.springframework.boot.test.context.SpringBootTestContextBootstrapper - @TestExecutionListeners is not present for class [com.learnreactspring.controller.ItemControllerTest]: using defaults.
11:28:40.255 [Test worker] INFO org.springframework.boot.test.context.SpringBootTestContextBootstrapper - Loaded default TestExecutionListener class names from location [META-INF/spring.factories]: [org.springframework.boot.test.autoconfigure.restdocs.RestDocsTestExecutionListener, org.springframework.boot.test.autoconfigure.web.client.MockRestServiceServerResetTestExecutionListener, org.springframework.boot.test.autoconfigure.web.servlet.MockMvcPrintOnlyOnFailureTestExecutionListener, org.springframework.boot.test.autoconfigure.web.servlet.WebDriverTestExecutionListener, org.springframework.boot.test.autoconfigure.webservices.client.MockWebServiceServerTestExecutionListener, org.springframework.boot.test.mock.mockito.MockitoTestExecutionListener, org.springframework.boot.test.mock.mockito.ResetMocksTestExecutionListener, org.springframework.test.context.web.ServletTestExecutionListener, org.springframework.test.context.support.DirtiesContextBeforeModesTestExecutionListener, org.springframework.test.context.support.DependencyInjectionTestExecutionListener, org.springframework.test.context.support.DirtiesContextTestExecutionListener, org.springframework.test.context.transaction.TransactionalTestExecutionListener, org.springframework.test.context.jdbc.SqlScriptsTestExecutionListener, org.springframework.test.context.event.EventPublishingTestExecutionListener]
11:28:40.265 [Test worker] DEBUG org.springframework.boot.test.context.SpringBootTestContextBootstrapper - Skipping candidate TestExecutionListener [org.springframework.test.context.web.ServletTestExecutionListener] due to a missing dependency. Specify custom listener classes or make the default listener classes and their required dependencies available. Offending class: [javax/servlet/ServletContext]
11:28:40.274 [Test worker] INFO org.springframework.boot.test.context.SpringBootTestContextBootstrapper - Using TestExecutionListeners: [org.springframework.test.context.support.DirtiesContextBeforeModesTestExecutionListener@3b3c19fc, org.springframework.boot.test.mock.mockito.MockitoTestExecutionListener@1ede9eb5, org.springframework.boot.test.autoconfigure.SpringBootDependencyInjectionTestExecutionListener@4922ef5e, org.springframework.test.context.support.DirtiesContextTestExecutionListener@29f31c57, org.springframework.test.context.transaction.TransactionalTestExecutionListener@72db036c, org.springframework.test.context.jdbc.SqlScriptsTestExecutionListener@181a10b4, org.springframework.test.context.event.EventPublishingTestExecutionListener@469c44f6, org.springframework.boot.test.autoconfigure.restdocs.RestDocsTestExecutionListener@77bcf9d6, org.springframework.boot.test.autoconfigure.web.client.MockRestServiceServerResetTestExecutionListener@5dd6542e, org.springframework.boot.test.autoconfigure.web.servlet.MockMvcPrintOnlyOnFailureTestExecutionListener@15016090, org.springframework.boot.test.autoconfigure.web.servlet.WebDriverTestExecutionListener@311e3d32, org.springframework.boot.test.autoconfigure.webservices.client.MockWebServiceServerTestExecutionListener@21fc008e, org.springframework.boot.test.mock.mockito.ResetMocksTestExecutionListener@4ee447bb]
11:28:40.276 [Test worker] DEBUG org.springframework.test.context.support.AbstractDirtiesContextTestExecutionListener - Before test class: context [DefaultTestContext@1245b181 testClass = ItemControllerTest, testInstance = [null], testMethod = [null], testException = [null], mergedContextConfiguration = [ReactiveWebMergedContextConfiguration@3322a0a1 testClass = ItemControllerTest, locations = '{}', classes = '{class com.learnreactspring.LearnReactSpringApplication}', contextInitializerClasses = '[]', activeProfiles = '{test}', propertySourceLocations = '{}', propertySourceProperties = '{org.springframework.boot.test.context.SpringBootTestContextBootstrapper=true}', contextCustomizers = set[org.springframework.boot.test.autoconfigure.actuate.metrics.MetricsExportContextCustomizerFactory$DisableMetricExportContextCustomizer@6f7aabc3, org.springframework.boot.test.autoconfigure.properties.PropertyMappingContextCustomizer@ec54a5c9, org.springframework.boot.test.autoconfigure.web.servlet.WebDriverContextCustomizerFactory$Customizer@1e66c862, [ImportsContextCustomizer@2b89f102 key = [org.springframework.boot.autoconfigure.security.oauth2.client.reactive.ReactiveOAuth2ClientAutoConfiguration, org.springframework.boot.autoconfigure.security.oauth2.resource.reactive.ReactiveOAuth2ResourceServerAutoConfiguration, org.springframework.boot.autoconfigure.security.reactive.ReactiveSecurityAutoConfiguration, org.springframework.boot.autoconfigure.security.reactive.ReactiveUserDetailsServiceAutoConfiguration, org.springframework.boot.test.autoconfigure.web.reactive.WebTestClientAutoConfiguration]], org.springframework.boot.test.context.filter.ExcludeFilterContextCustomizer@5dbe3b4a, org.springframework.boot.test.json.DuplicateJsonObjectContextCustomizerFactory$DuplicateJsonObjectContextCustomizer@22864227, org.springframework.boot.test.mock.mockito.MockitoContextCustomizer@0, org.springframework.boot.test.web.client.TestRestTemplateContextCustomizer@10461899, org.springframework.boot.test.web.reactive.server.WebTestClientContextCustomizer@29e05474, org.springframework.boot.test.context.SpringBootTestArgs@1, org.springframework.boot.test.context.SpringBootTestWebEnvironment@512ba5d4], contextLoader = 'org.springframework.boot.test.context.SpringBootContextLoader', parent = [null]], attributes = map[[empty]]], class annotated with @DirtiesContext [true] with mode [AFTER_CLASS].
11:28:40.306 [Test worker] DEBUG org.springframework.core.env.StandardEnvironment - Activating profiles [test]
11:28:40.311 [Test worker] DEBUG org.springframework.test.context.support.TestPropertySourceUtils - Adding inlined properties to environment: {spring.jmx.enabled=false, org.springframework.boot.test.context.SpringBootTestContextBootstrapper=true}

  .   ____          _            __ _ _
 /\\ / ___'_ __ _ _(_)_ __  __ _ \ \ \ \
( ( )\___ | '_ | '_| | '_ \/ _` | \ \ \ \
 \\/  ___)| |_)| | | | | || (_| |  ) ) ) )
  '  |____| .__|_| |_|_| |_\__, | / / / /
 =========|_|==============|___/=/_/_/_/
 :: Spring Boot ::                (v2.4.0)

2020-12-25 11:28:40.623  INFO 56058 --- [    Test worker] c.l.controller.ItemControllerTest        : Starting ItemControllerTest using Java 11.0.9 on Chandras-MacBook-Pro.local with PID 56058 (started by ckgauro in /Users/ckgauro/Tutorial/github/SpringBootReactive/SpringBootReactive)
2020-12-25 11:28:40.625  INFO 56058 --- [    Test worker] c.l.controller.ItemControllerTest        : The following profiles are active: test
2020-12-25 11:28:40.650  WARN 56058 --- [    Test worker] o.s.b.c.config.ConfigDataEnvironment     : Property 'spring.profiles' imported from location 'class path resource [application.yml]' is invalid and should be replaced with 'spring.config.activate.on-profile' [origin: class path resource [application.yml] - 34:13]
2020-12-25 11:28:40.650  WARN 56058 --- [    Test worker] o.s.b.c.config.ConfigDataEnvironment     : Property 'spring.profiles' imported from location 'class path resource [application.yml]' is invalid and should be replaced with 'spring.config.activate.on-profile' [origin: class path resource [application.yml] - 26:13]
2020-12-25 11:28:40.650  WARN 56058 --- [    Test worker] o.s.b.c.config.ConfigDataEnvironment     : Property 'spring.profiles' imported from location 'class path resource [application.yml]' is invalid and should be replaced with 'spring.config.activate.on-profile' [origin: class path resource [application.yml] - 17:13]
2020-12-25 11:28:40.650  WARN 56058 --- [    Test worker] o.s.b.c.config.ConfigDataEnvironment     : Property 'spring.profiles' imported from location 'class path resource [application.yml]' is invalid and should be replaced with 'spring.config.activate.on-profile' [origin: class path resource [application.yml] - 8:13]
2020-12-25 11:28:41.211  INFO 56058 --- [    Test worker] .s.d.r.c.RepositoryConfigurationDelegate : Bootstrapping Spring Data Reactive MongoDB repositories in DEFAULT mode.
2020-12-25 11:28:41.400  INFO 56058 --- [    Test worker] .s.d.r.c.RepositoryConfigurationDelegate : Finished Spring Data repository scanning in 180 ms. Found 1 Reactive MongoDB repository interfaces.
2020-12-25 11:28:42.633  INFO 56058 --- [       Thread-5] o.s.b.a.mongo.embedded.EmbeddedMongo     : note: noprealloc may hurt performance in many applications
2020-12-25 11:28:42.640  INFO 56058 --- [       Thread-5] o.s.b.a.mongo.embedded.EmbeddedMongo     : 2020-12-25T11:28:42.639-0500 I CONTROL  [initandlisten] MongoDB starting : pid=56062 port=58652 dbpath=/var/folders/6r/8mhqtdp14kb493t0lvvxb_ch0000gn/T/embedmongo-db-aaca8ab2-8fa2-4511-bf9b-eb96c0418357 64-bit host=Chandras-MacBook-Pro.local
2020-12-25 11:28:42.640  INFO 56058 --- [       Thread-5] o.s.b.a.mongo.embedded.EmbeddedMongo     : 2020-12-25T11:28:42.639-0500 I CONTROL  [initandlisten] db version v3.5.5
2020-12-25 11:28:42.640  INFO 56058 --- [       Thread-5] o.s.b.a.mongo.embedded.EmbeddedMongo     : 2020-12-25T11:28:42.639-0500 I CONTROL  [initandlisten] git version: 98515c812b6fa893613f063dae568ff8319cbfbd
2020-12-25 11:28:42.640  INFO 56058 --- [       Thread-5] o.s.b.a.mongo.embedded.EmbeddedMongo     : 2020-12-25T11:28:42.639-0500 I CONTROL  [initandlisten] allocator: system
2020-12-25 11:28:42.640  INFO 56058 --- [       Thread-5] o.s.b.a.mongo.embedded.EmbeddedMongo     : 2020-12-25T11:28:42.639-0500 I CONTROL  [initandlisten] modules: none
2020-12-25 11:28:42.640  INFO 56058 --- [       Thread-5] o.s.b.a.mongo.embedded.EmbeddedMongo     : 2020-12-25T11:28:42.639-0500 I CONTROL  [initandlisten] build environment:
2020-12-25 11:28:42.641  INFO 56058 --- [       Thread-5] o.s.b.a.mongo.embedded.EmbeddedMongo     : 2020-12-25T11:28:42.639-0500 I CONTROL  [initandlisten]     distarch: x86_64
2020-12-25 11:28:42.641  INFO 56058 --- [       Thread-5] o.s.b.a.mongo.embedded.EmbeddedMongo     : 2020-12-25T11:28:42.639-0500 I CONTROL  [initandlisten]     target_arch: x86_64
2020-12-25 11:28:42.641  INFO 56058 --- [       Thread-5] o.s.b.a.mongo.embedded.EmbeddedMongo     : 2020-12-25T11:28:42.639-0500 I CONTROL  [initandlisten] options: { net: { bindIp: "127.0.0.1", http: { enabled: false }, port: 58652 }, security: { authorization: "disabled" }, storage: { dbPath: "/var/folders/6r/8mhqtdp14kb493t0lvvxb_ch0000gn/T/embedmongo-db-aaca8ab2-8fa2-4511-bf9b-eb96c0418357", journal: { enabled: false }, mmapv1: { preallocDataFiles: false, smallFiles: true }, syncPeriodSecs: 0.0 } }
2020-12-25 11:28:42.641  INFO 56058 --- [       Thread-5] o.s.b.a.mongo.embedded.EmbeddedMongo     : 2020-12-25T11:28:42.640-0500 I STORAGE  [initandlisten] wiredtiger_open config: create,cache_size=7680M,session_max=20000,eviction=(threads_min=4,threads_max=4),config_base=false,statistics=(fast),log=(enabled=true,archive=true,path=journal,compressor=snappy),file_manager=(close_idle_time=100000),checkpoint=(wait=0,log_size=2GB),statistics_log=(wait=0),verbose=(recovery_progress),,log=(enabled=false),
2020-12-25 11:28:43.141  INFO 56058 --- [       Thread-5] o.s.b.a.mongo.embedded.EmbeddedMongo     : 2020-12-25T11:28:43.141-0500 W STORAGE  [initandlisten] Detected configuration for non-active storage engine mmapv1 when current storage engine is wiredTiger
2020-12-25 11:28:43.141  INFO 56058 --- [       Thread-5] o.s.b.a.mongo.embedded.EmbeddedMongo     : 2020-12-25T11:28:43.141-0500 I CONTROL  [initandlisten] 
2020-12-25 11:28:43.141  INFO 56058 --- [       Thread-5] o.s.b.a.mongo.embedded.EmbeddedMongo     : 2020-12-25T11:28:43.141-0500 I CONTROL  [initandlisten] ** NOTE: This is a development version (3.5.5) of MongoDB.
2020-12-25 11:28:43.141  INFO 56058 --- [       Thread-5] o.s.b.a.mongo.embedded.EmbeddedMongo     : 2020-12-25T11:28:43.141-0500 I CONTROL  [initandlisten] **       Not recommended for production.
2020-12-25 11:28:43.141  INFO 56058 --- [       Thread-5] o.s.b.a.mongo.embedded.EmbeddedMongo     : 2020-12-25T11:28:43.141-0500 I CONTROL  [initandlisten] 
2020-12-25 11:28:43.349  INFO 56058 --- [       Thread-5] o.s.b.a.mongo.embedded.EmbeddedMongo     : 2020-12-25T11:28:43.349-0500 I FTDC     [initandlisten] Initializing full-time diagnostic data capture with directory '/var/folders/6r/8mhqtdp14kb493t0lvvxb_ch0000gn/T/embedmongo-db-aaca8ab2-8fa2-4511-bf9b-eb96c0418357/diagnostic.data'
2020-12-25 11:28:43.660  INFO 56058 --- [       Thread-5] o.s.b.a.mongo.embedded.EmbeddedMongo     : 2020-12-25T11:28:43.660-0500 I INDEX    [initandlisten] build index on: admin.system.version properties: { v: 2, key: { version: 1 }, name: "incompatible_with_version_32", ns: "admin.system.version" }
2020-12-25 11:28:43.661  INFO 56058 --- [       Thread-5] o.s.b.a.mongo.embedded.EmbeddedMongo     : 2020-12-25T11:28:43.660-0500 I INDEX    [initandlisten] 	 building index using bulk method; build may temporarily use up to 500 megabytes of RAM
2020-12-25 11:28:43.683  INFO 56058 --- [       Thread-5] o.s.b.a.mongo.embedded.EmbeddedMongo     : 2020-12-25T11:28:43.683-0500 I INDEX    [initandlisten] build index done.  scanned 0 total records. 0 secs
2020-12-25 11:28:43.683  INFO 56058 --- [       Thread-5] o.s.b.a.mongo.embedded.EmbeddedMongo     : 2020-12-25T11:28:43.683-0500 I COMMAND  [initandlisten] setting featureCompatibilityVersion to 3.4
2020-12-25 11:28:43.684  INFO 56058 --- [       Thread-5] o.s.b.a.mongo.embedded.EmbeddedMongo     : 2020-12-25T11:28:43.684-0500 I NETWORK  [thread1] waiting for connections on port 58652
2020-12-25 11:28:43.684  INFO 56058 --- [    Test worker] d.f.embed.mongo.MongodExecutable         : start de.flapdoodle.embed.mongo.config.MongodConfigBuilder$ImmutableMongodConfig@28d5b5fb
2020-12-25 11:28:43.861  INFO 56058 --- [    Test worker] org.mongodb.driver.cluster               : Cluster created with settings {hosts=[localhost:58652], mode=SINGLE, requiredClusterType=UNKNOWN, serverSelectionTimeout='30000 ms'}
2020-12-25 11:28:43.977  INFO 56058 --- [       Thread-5] o.s.b.a.mongo.embedded.EmbeddedMongo     : 2020-12-25T11:28:43.977-0500 I NETWORK  [thread1] connection accepted from 127.0.0.1:58658 #1 (1 connection now open)
2020-12-25 11:28:43.978  INFO 56058 --- [       Thread-5] o.s.b.a.mongo.embedded.EmbeddedMongo     : 2020-12-25T11:28:43.977-0500 I NETWORK  [thread1] connection accepted from 127.0.0.1:58659 #2 (2 connections now open)
2020-12-25 11:28:44.037  INFO 56058 --- [       Thread-5] o.s.b.a.mongo.embedded.EmbeddedMongo     : 2020-12-25T11:28:44.037-0500 I NETWORK  [conn1] received client metadata from 127.0.0.1:58658 conn1: { driver: { name: "mongo-java-driver|reactive-streams|spring-boot", version: "4.1.1" }, os: { type: "Darwin", name: "Mac OS X", architecture: "x86_64", version: "10.16" }, platform: "Java/Oracle Corporation/11.0.9+7-LTS" }
2020-12-25 11:28:44.038  INFO 56058 --- [       Thread-5] o.s.b.a.mongo.embedded.EmbeddedMongo     : 2020-12-25T11:28:44.037-0500 I NETWORK  [conn2] received client metadata from 127.0.0.1:58659 conn2: { driver: { name: "mongo-java-driver|reactive-streams|spring-boot", version: "4.1.1" }, os: { type: "Darwin", name: "Mac OS X", architecture: "x86_64", version: "10.16" }, platform: "Java/Oracle Corporation/11.0.9+7-LTS" }
2020-12-25 11:28:44.071  INFO 56058 --- [localhost:58652] org.mongodb.driver.connection            : Opened connection [connectionId{localValue:2, serverValue:1}] to localhost:58652
2020-12-25 11:28:44.071  INFO 56058 --- [localhost:58652] org.mongodb.driver.connection            : Opened connection [connectionId{localValue:1, serverValue:2}] to localhost:58652
2020-12-25 11:28:44.072  INFO 56058 --- [localhost:58652] org.mongodb.driver.cluster               : Monitor thread successfully connected to server with description ServerDescription{address=localhost:58652, type=STANDALONE, state=CONNECTED, ok=true, minWireVersion=0, maxWireVersion=5, maxDocumentSize=16777216, logicalSessionTimeoutMinutes=null, roundTripTimeNanos=87013479}
2020-12-25 11:28:44.907  INFO 56058 --- [    Test worker] c.l.controller.ItemControllerTest        : Started ItemControllerTest in 4.571 seconds (JVM running for 5.728)
2020-12-25 11:28:45.317  INFO 56058 --- [       Thread-5] o.s.b.a.mongo.embedded.EmbeddedMongo     : 2020-12-25T11:28:45.317-0500 I NETWORK  [thread1] connection accepted from 127.0.0.1:58660 #3 (3 connections now open)
2020-12-25 11:28:45.328  INFO 56058 --- [       Thread-5] o.s.b.a.mongo.embedded.EmbeddedMongo     : 2020-12-25T11:28:45.328-0500 I NETWORK  [conn3] received client metadata from 127.0.0.1:58660 conn3: { driver: { name: "mongo-java-driver|reactive-streams|spring-boot", version: "4.1.1" }, os: { type: "Darwin", name: "Mac OS X", architecture: "x86_64", version: "10.16" }, platform: "Java/Oracle Corporation/11.0.9+7-LTS" }
2020-12-25 11:28:45.332  INFO 56058 --- [ntLoopGroup-2-3] org.mongodb.driver.connection            : Opened connection [connectionId{localValue:3, serverValue:3}] to localhost:58652
2020-12-25 11:28:45.385  INFO 56058 --- [       Thread-5] o.s.b.a.mongo.embedded.EmbeddedMongo     : 2020-12-25T11:28:45.384-0500 I NETWORK  [thread1] connection accepted from 127.0.0.1:58661 #4 (4 connections now open)
2020-12-25 11:28:45.386  INFO 56058 --- [       Thread-5] o.s.b.a.mongo.embedded.EmbeddedMongo     : 2020-12-25T11:28:45.386-0500 I NETWORK  [conn4] received client metadata from 127.0.0.1:58661 conn4: { driver: { name: "mongo-java-driver|reactive-streams|spring-boot", version: "4.1.1" }, os: { type: "Darwin", name: "Mac OS X", architecture: "x86_64", version: "10.16" }, platform: "Java/Oracle Corporation/11.0.9+7-LTS" }
2020-12-25 11:28:45.388  INFO 56058 --- [       Thread-5] o.s.b.a.mongo.embedded.EmbeddedMongo     : 2020-12-25T11:28:45.388-0500 I NETWORK  [thread1] connection accepted from 127.0.0.1:58662 #5 (5 connections now open)
2020-12-25 11:28:45.389  INFO 56058 --- [       Thread-5] o.s.b.a.mongo.embedded.EmbeddedMongo     : 2020-12-25T11:28:45.389-0500 I NETWORK  [conn5] received client metadata from 127.0.0.1:58662 conn5: { driver: { name: "mongo-java-driver|reactive-streams|spring-boot", version: "4.1.1" }, os: { type: "Darwin", name: "Mac OS X", architecture: "x86_64", version: "10.16" }, platform: "Java/Oracle Corporation/11.0.9+7-LTS" }
2020-12-25 11:28:45.390  INFO 56058 --- [ntLoopGroup-2-4] org.mongodb.driver.connection            : Opened connection [connectionId{localValue:4, serverValue:4}] to localhost:58652
2020-12-25 11:28:45.395  INFO 56058 --- [ntLoopGroup-2-5] org.mongodb.driver.connection            : Opened connection [connectionId{localValue:5, serverValue:5}] to localhost:58652
2020-12-25 11:28:45.400  INFO 56058 --- [       Thread-5] o.s.b.a.mongo.embedded.EmbeddedMongo     : 2020-12-25T11:28:45.400-0500 I NETWORK  [thread1] connection accepted from 127.0.0.1:58663 #6 (6 connections now open)
2020-12-25 11:28:45.401  INFO 56058 --- [       Thread-5] o.s.b.a.mongo.embedded.EmbeddedMongo     : 2020-12-25T11:28:45.401-0500 I NETWORK  [conn6] received client metadata from 127.0.0.1:58663 conn6: { driver: { name: "mongo-java-driver|reactive-streams|spring-boot", version: "4.1.1" }, os: { type: "Darwin", name: "Mac OS X", architecture: "x86_64", version: "10.16" }, platform: "Java/Oracle Corporation/11.0.9+7-LTS" }
2020-12-25 11:28:45.403  INFO 56058 --- [ntLoopGroup-2-6] org.mongodb.driver.connection            : Opened connection [connectionId{localValue:6, serverValue:6}] to localhost:58652
2020-12-25 11:28:45.588  INFO 56058 --- [       Thread-5] o.s.b.a.mongo.embedded.EmbeddedMongo     : 2020-12-25T11:28:45.587-0500 I COMMAND  [conn3] command test.item command: insert { insert: "item", ordered: true, documents: [ { _id: ObjectId('5fe6133de389d603ba727b53'), description: "Samsung TV", price: 399.99, _class: "com.learnreactspring.document.Item" } ] } ninserted:1 keysInserted:1 numYields:0 reslen:44 locks:{ Global: { acquireCount: { r: 3, w: 3 } }, Database: { acquireCount: { w: 2, W: 1 } }, Collection: { acquireCount: { w: 2 } } } protocol:op_query 205ms
2020-12-25 11:28:45.589  INFO 56058 --- [       Thread-5] o.s.b.a.mongo.embedded.EmbeddedMongo     : 2020-12-25T11:28:45.587-0500 I COMMAND  [conn4] command test.item command: insert { insert: "item", ordered: true, documents: [ { _id: ObjectId('5fe6133de389d603ba727b54'), description: "LG TV", price: 329.99, _class: "com.learnreactspring.document.Item" } ] } ninserted:1 keysInserted:1 numYields:0 reslen:44 locks:{ Global: { acquireCount: { r: 1, w: 1 } }, Database: { acquireCount: { w: 1 }, acquireWaitCount: { w: 1 }, timeAcquiringMicros: { w: 196485 } }, Collection: { acquireCount: { w: 1 } } } protocol:op_query 196ms
2020-12-25 11:28:45.589  INFO 56058 --- [       Thread-5] o.s.b.a.mongo.embedded.EmbeddedMongo     : 2020-12-25T11:28:45.588-0500 I COMMAND  [conn5] command test.item command: insert { insert: "item", ordered: true, documents: [ { _id: ObjectId('5fe6133de389d603ba727b55'), description: "Apple Watch", price: 349.99, _class: "com.learnreactspring.document.Item" } ] } ninserted:1 keysInserted:1 numYields:0 reslen:44 locks:{ Global: { acquireCount: { r: 1, w: 1 } }, Database: { acquireCount: { w: 1 }, acquireWaitCount: { w: 1 }, timeAcquiringMicros: { w: 191361 } }, Collection: { acquireCount: { w: 1 } } } protocol:op_query 191ms
2020-12-25 11:28:45.589  INFO 56058 --- [       Thread-5] o.s.b.a.mongo.embedded.EmbeddedMongo     : 2020-12-25T11:28:45.588-0500 I WRITE    [conn6] update test.item query: { _id: "ABC" } planSummary: IDHACK update: { _id: "ABC", description: "Beats HeadPhones", price: 149.99, _class: "com.learnreactspring.document.Item" } keysExamined:0 docsExamined:0 nMatched:0 nModified:0 upsert:1 keysInserted:1 numYields:0 locks:{ Global: { acquireCount: { r: 1, w: 1 } }, Database: { acquireCount: { w: 1 }, acquireWaitCount: { w: 1 }, timeAcquiringMicros: { w: 183092 } }, Collection: { acquireCount: { w: 1 } } } 183ms
2020-12-25 11:28:45.590  INFO 56058 --- [       Thread-5] o.s.b.a.mongo.embedded.EmbeddedMongo     : 2020-12-25T11:28:45.588-0500 I COMMAND  [conn6] command test.$cmd command: update { update: "item", ordered: true, updates: [ { q: { _id: "ABC" }, u: { _id: "ABC", description: "Beats HeadPhones", price: 149.99, _class: "com.learnreactspring.document.Item" }, upsert: true } ] } numYields:0 reslen:106 locks:{ Global: { acquireCount: { r: 1, w: 1 } }, Database: { acquireCount: { w: 1 }, acquireWaitCount: { w: 1 }, timeAcquiringMicros: { w: 183092 } }, Collection: { acquireCount: { w: 1 } } } protocol:op_query 183ms
Insert item is:Item(id=ABC, description=Beats HeadPhones, price=149.99)
Insert item is:Item(id=5fe6133de389d603ba727b53, description=Samsung TV, price=399.99)
Insert item is:Item(id=5fe6133de389d603ba727b54, description=LG TV, price=329.99)
Insert item is:Item(id=5fe6133de389d603ba727b55, description=Apple Watch, price=349.99)
2020-12-25 11:28:45.761 ERROR 56058 --- [ntLoopGroup-2-3] c.l.e.ControllerExceptionHandler         : Exception caught in hadleRuntime:{} 

java.lang.RuntimeException: RunTimeException Occurred.
	at com.learnreactspring.controller.ItemController.runtimeException(ItemController.java:58) ~[main/:na]
	Suppressed: reactor.core.publisher.FluxOnAssembly$OnAssemblyException: 
Error has been observed at the following site(s):
	|_ checkpoint ⇢ Handler com.learnreactspring.controller.ItemController#runtimeException() [DispatcherHandler]
Stack trace:
		at com.learnreactspring.controller.ItemController.runtimeException(ItemController.java:58) ~[main/:na]
		at java.base/jdk.internal.reflect.NativeMethodAccessorImpl.invoke0(Native Method) ~[na:na]
		at java.base/jdk.internal.reflect.NativeMethodAccessorImpl.invoke(NativeMethodAccessorImpl.java:62) ~[na:na]
		at java.base/jdk.internal.reflect.DelegatingMethodAccessorImpl.invoke(DelegatingMethodAccessorImpl.java:43) ~[na:na]
		at java.base/java.lang.reflect.Method.invoke(Method.java:566) ~[na:na]
		at org.springframework.web.reactive.result.method.InvocableHandlerMethod.lambda$invoke$0(InvocableHandlerMethod.java:146) ~[spring-webflux-5.3.1.jar:5.3.1]
		at reactor.core.publisher.FluxFlatMap.trySubscribeScalarMap(FluxFlatMap.java:151) ~[reactor-core-3.4.0.jar:3.4.0]
		at reactor.core.publisher.MonoFlatMap.subscribeOrReturn(MonoFlatMap.java:53) ~[reactor-core-3.4.0.jar:3.4.0]
		at reactor.core.publisher.InternalMonoOperator.subscribe(InternalMonoOperator.java:57) ~[reactor-core-3.4.0.jar:3.4.0]
		at reactor.core.publisher.MonoDefer.subscribe(MonoDefer.java:52) ~[reactor-core-3.4.0.jar:3.4.0]
		at reactor.core.publisher.MonoIgnoreThen$ThenIgnoreMain.drain(MonoIgnoreThen.java:154) ~[reactor-core-3.4.0.jar:3.4.0]
		at reactor.core.publisher.MonoIgnoreThen.subscribe(MonoIgnoreThen.java:56) ~[reactor-core-3.4.0.jar:3.4.0]
		at reactor.core.publisher.InternalMonoOperator.subscribe(InternalMonoOperator.java:64) ~[reactor-core-3.4.0.jar:3.4.0]
		at reactor.core.publisher.MonoFlatMap$FlatMapMain.onNext(MonoFlatMap.java:157) ~[reactor-core-3.4.0.jar:3.4.0]
		at reactor.core.publisher.FluxSwitchIfEmpty$SwitchIfEmptySubscriber.onNext(FluxSwitchIfEmpty.java:73) ~[reactor-core-3.4.0.jar:3.4.0]
		at reactor.core.publisher.MonoNext$NextSubscriber.onNext(MonoNext.java:82) ~[reactor-core-3.4.0.jar:3.4.0]
		at reactor.core.publisher.FluxConcatMap$ConcatMapImmediate.innerNext(FluxConcatMap.java:281) ~[reactor-core-3.4.0.jar:3.4.0]
		at reactor.core.publisher.FluxConcatMap$ConcatMapInner.onNext(FluxConcatMap.java:860) ~[reactor-core-3.4.0.jar:3.4.0]
		at reactor.core.publisher.FluxMapFuseable$MapFuseableSubscriber.onNext(FluxMapFuseable.java:127) ~[reactor-core-3.4.0.jar:3.4.0]
		at reactor.core.publisher.MonoPeekTerminal$MonoTerminalPeekSubscriber.onNext(MonoPeekTerminal.java:180) ~[reactor-core-3.4.0.jar:3.4.0]
		at reactor.core.publisher.Operators$ScalarSubscription.request(Operators.java:2346) ~[reactor-core-3.4.0.jar:3.4.0]
		at reactor.core.publisher.MonoPeekTerminal$MonoTerminalPeekSubscriber.request(MonoPeekTerminal.java:139) ~[reactor-core-3.4.0.jar:3.4.0]
		at reactor.core.publisher.FluxMapFuseable$MapFuseableSubscriber.request(FluxMapFuseable.java:169) ~[reactor-core-3.4.0.jar:3.4.0]
		at reactor.core.publisher.Operators$MultiSubscriptionSubscriber.set(Operators.java:2154) ~[reactor-core-3.4.0.jar:3.4.0]
		at reactor.core.publisher.Operators$MultiSubscriptionSubscriber.onSubscribe(Operators.java:2028) ~[reactor-core-3.4.0.jar:3.4.0]
		at reactor.core.publisher.FluxMapFuseable$MapFuseableSubscriber.onSubscribe(FluxMapFuseable.java:96) ~[reactor-core-3.4.0.jar:3.4.0]
		at reactor.core.publisher.MonoPeekTerminal$MonoTerminalPeekSubscriber.onSubscribe(MonoPeekTerminal.java:152) ~[reactor-core-3.4.0.jar:3.4.0]
		at reactor.core.publisher.MonoJust.subscribe(MonoJust.java:54) ~[reactor-core-3.4.0.jar:3.4.0]
		at reactor.core.publisher.Mono.subscribe(Mono.java:3987) ~[reactor-core-3.4.0.jar:3.4.0]
		at reactor.core.publisher.FluxConcatMap$ConcatMapImmediate.drain(FluxConcatMap.java:448) ~[reactor-core-3.4.0.jar:3.4.0]
		at reactor.core.publisher.FluxConcatMap$ConcatMapImmediate.onSubscribe(FluxConcatMap.java:218) ~[reactor-core-3.4.0.jar:3.4.0]
		at reactor.core.publisher.FluxIterable.subscribe(FluxIterable.java:164) ~[reactor-core-3.4.0.jar:3.4.0]
		at reactor.core.publisher.FluxIterable.subscribe(FluxIterable.java:86) ~[reactor-core-3.4.0.jar:3.4.0]
		at reactor.core.publisher.InternalMonoOperator.subscribe(InternalMonoOperator.java:64) ~[reactor-core-3.4.0.jar:3.4.0]
		at reactor.core.publisher.MonoDefer.subscribe(MonoDefer.java:52) ~[reactor-core-3.4.0.jar:3.4.0]
		at reactor.core.publisher.Mono.subscribe(Mono.java:3987) ~[reactor-core-3.4.0.jar:3.4.0]
		at reactor.core.publisher.MonoIgnoreThen$ThenIgnoreMain.drain(MonoIgnoreThen.java:173) ~[reactor-core-3.4.0.jar:3.4.0]
		at reactor.core.publisher.MonoIgnoreThen.subscribe(MonoIgnoreThen.java:56) ~[reactor-core-3.4.0.jar:3.4.0]
		at reactor.core.publisher.Mono.subscribe(Mono.java:3987) ~[reactor-core-3.4.0.jar:3.4.0]
		at reactor.core.publisher.Mono.subscribeWith(Mono.java:4102) ~[reactor-core-3.4.0.jar:3.4.0]
		at reactor.core.publisher.Mono.subscribe(Mono.java:3958) ~[reactor-core-3.4.0.jar:3.4.0]
		at reactor.core.publisher.Mono.subscribe(Mono.java:3894) ~[reactor-core-3.4.0.jar:3.4.0]
		at org.springframework.test.web.reactive.server.HttpHandlerConnector.lambda$doConnect$2(HttpHandlerConnector.java:98) ~[spring-test-5.3.1.jar:5.3.1]
		at org.springframework.mock.http.client.reactive.MockClientHttpRequest.lambda$null$2(MockClientHttpRequest.java:125) ~[spring-test-5.3.1.jar:5.3.1]
		at reactor.core.publisher.MonoDefer.subscribe(MonoDefer.java:44) ~[reactor-core-3.4.0.jar:3.4.0]
		at reactor.core.publisher.Mono.subscribe(Mono.java:3987) ~[reactor-core-3.4.0.jar:3.4.0]
		at reactor.core.publisher.FluxConcatIterable$ConcatIterableSubscriber.onComplete(FluxConcatIterable.java:147) ~[reactor-core-3.4.0.jar:3.4.0]
		at reactor.core.publisher.FluxConcatIterable.subscribe(FluxConcatIterable.java:60) ~[reactor-core-3.4.0.jar:3.4.0]
		at reactor.core.publisher.Mono.subscribe(Mono.java:3987) ~[reactor-core-3.4.0.jar:3.4.0]
		at reactor.core.publisher.Mono.subscribeWith(Mono.java:4102) ~[reactor-core-3.4.0.jar:3.4.0]
		at reactor.core.publisher.Mono.subscribe(Mono.java:3958) ~[reactor-core-3.4.0.jar:3.4.0]
		at reactor.core.publisher.Mono.subscribe(Mono.java:3894) ~[reactor-core-3.4.0.jar:3.4.0]
		at org.springframework.test.web.reactive.server.HttpHandlerConnector.doConnect(HttpHandlerConnector.java:112) ~[spring-test-5.3.1.jar:5.3.1]
		at org.springframework.test.web.reactive.server.HttpHandlerConnector.lambda$connect$0(HttpHandlerConnector.java:79) ~[spring-test-5.3.1.jar:5.3.1]
		at reactor.core.publisher.MonoDefer.subscribe(MonoDefer.java:44) ~[reactor-core-3.4.0.jar:3.4.0]
		at reactor.core.publisher.Mono.subscribe(Mono.java:3987) ~[reactor-core-3.4.0.jar:3.4.0]
		at reactor.core.publisher.MonoSubscribeOn$SubscribeOnSubscriber.run(MonoSubscribeOn.java:126) ~[reactor-core-3.4.0.jar:3.4.0]
		at reactor.core.scheduler.WorkerTask.call(WorkerTask.java:84) ~[reactor-core-3.4.0.jar:3.4.0]
		at reactor.core.scheduler.WorkerTask.call(WorkerTask.java:37) ~[reactor-core-3.4.0.jar:3.4.0]
		at java.base/java.util.concurrent.FutureTask.run(FutureTask.java:264) ~[na:na]
		at java.base/java.util.concurrent.ScheduledThreadPoolExecutor$ScheduledFutureTask.run(ScheduledThreadPoolExecutor.java:304) ~[na:na]
		at java.base/java.util.concurrent.ThreadPoolExecutor.runWorker(ThreadPoolExecutor.java:1128) ~[na:na]
		at java.base/java.util.concurrent.ThreadPoolExecutor$Worker.run(ThreadPoolExecutor.java:628) ~[na:na]
		at java.base/java.lang.Thread.run(Thread.java:834) ~[na:na]

2020-12-25 11:28:45.820  INFO 56058 --- [    Test worker] org.mongodb.driver.connection            : Closed connection [connectionId{localValue:6, serverValue:6}] to localhost:58652 because the pool has been closed.
2020-12-25 11:28:45.821  INFO 56058 --- [    Test worker] org.mongodb.driver.connection            : Closed connection [connectionId{localValue:5, serverValue:5}] to localhost:58652 because the pool has been closed.
2020-12-25 11:28:45.823  INFO 56058 --- [       Thread-5] o.s.b.a.mongo.embedded.EmbeddedMongo     : 2020-12-25T11:28:45.822-0500 I -        [conn6] end connection 127.0.0.1:58663 (6 connections now open)
2020-12-25 11:28:45.823  INFO 56058 --- [    Test worker] org.mongodb.driver.connection            : Closed connection [connectionId{localValue:4, serverValue:4}] to localhost:58652 because the pool has been closed.
2020-12-25 11:28:45.824  INFO 56058 --- [       Thread-5] o.s.b.a.mongo.embedded.EmbeddedMongo     : 2020-12-25T11:28:45.824-0500 I -        [conn5] end connection 127.0.0.1:58662 (5 connections now open)
2020-12-25 11:28:45.824  INFO 56058 --- [    Test worker] org.mongodb.driver.connection            : Closed connection [connectionId{localValue:3, serverValue:3}] to localhost:58652 because the pool has been closed.
2020-12-25 11:28:45.826  INFO 56058 --- [       Thread-5] o.s.b.a.mongo.embedded.EmbeddedMongo     : 2020-12-25T11:28:45.825-0500 I -        [conn4] end connection 127.0.0.1:58661 (4 connections now open)
2020-12-25 11:28:45.826  INFO 56058 --- [       Thread-5] o.s.b.a.mongo.embedded.EmbeddedMongo     : 2020-12-25T11:28:45.826-0500 I -        [conn3] end connection 127.0.0.1:58660 (3 connections now open)
2020-12-25 11:28:45.828  INFO 56058 --- [       Thread-5] o.s.b.a.mongo.embedded.EmbeddedMongo     : 2020-12-25T11:28:45.827-0500 I -        [conn2] end connection 127.0.0.1:58659 (2 connections now open)
2020-12-25 11:28:45.829  INFO 56058 --- [       Thread-5] o.s.b.a.mongo.embedded.EmbeddedMongo     : 2020-12-25T11:28:45.828-0500 I -        [conn1] end connection 127.0.0.1:58658 (1 connection now open)
2020-12-25 11:28:47.894  INFO 56058 --- [       Thread-5] o.s.b.a.mongo.embedded.EmbeddedMongo     : 2020-12-25T11:28:47.894-0500 I NETWORK  [thread1] connection accepted from 127.0.0.1:58668 #7 (1 connection now open)
2020-12-25 11:28:47.896  INFO 56058 --- [       Thread-5] o.s.b.a.mongo.embedded.EmbeddedMongo     : 2020-12-25T11:28:47.895-0500 I COMMAND  [conn7] terminating, shutdown command received
2020-12-25 11:28:47.896  INFO 56058 --- [       Thread-5] o.s.b.a.mongo.embedded.EmbeddedMongo     : 2020-12-25T11:28:47.895-0500 I NETWORK  [conn7] shutdown: going to close listening sockets...
2020-12-25 11:28:47.896  INFO 56058 --- [       Thread-5] o.s.b.a.mongo.embedded.EmbeddedMongo     : 2020-12-25T11:28:47.895-0500 I NETWORK  [conn7] closing listening socket: 7
2020-12-25 11:28:47.896  INFO 56058 --- [       Thread-5] o.s.b.a.mongo.embedded.EmbeddedMongo     : 2020-12-25T11:28:47.896-0500 I NETWORK  [conn7] closing listening socket: 8
2020-12-25 11:28:47.896  INFO 56058 --- [       Thread-5] o.s.b.a.mongo.embedded.EmbeddedMongo     : 2020-12-25T11:28:47.896-0500 I NETWORK  [conn7] removing socket file: /tmp/mongodb-58652.sock
2020-12-25 11:28:47.896  INFO 56058 --- [       Thread-5] o.s.b.a.mongo.embedded.EmbeddedMongo     : 2020-12-25T11:28:47.896-0500 I NETWORK  [conn7] shutdown: going to flush diaglog...
2020-12-25 11:28:47.896  INFO 56058 --- [       Thread-5] o.s.b.a.mongo.embedded.EmbeddedMongo     : 2020-12-25T11:28:47.896-0500 I FTDC     [conn7] Shutting down full-time diagnostic data capture
2020-12-25 11:28:47.897  INFO 56058 --- [       Thread-5] o.s.b.a.mongo.embedded.EmbeddedMongo     : 2020-12-25T11:28:47.897-0500 I STORAGE  [conn7] WiredTigerKVEngine shutting down
2020-12-25 11:28:48.385  INFO 56058 --- [       Thread-5] o.s.b.a.mongo.embedded.EmbeddedMongo     : 2020-12-25T11:28:48.384-0500 I STORAGE  [conn7] shutdown: removing fs lock...
2020-12-25 11:28:48.385  INFO 56058 --- [       Thread-5] o.s.b.a.mongo.embedded.EmbeddedMongo     : 2020-12-25T11:28:48.385-0500 I CONTROL  [conn7] now exiting
2020-12-25 11:28:48.385  INFO 56058 --- [       Thread-5] o.s.b.a.mongo.embedded.EmbeddedMongo     : 2020-12-25T11:28:48.385-0500 I CONTROL  [conn7] shutting down with code:0
]]></system-out>
  <system-err><![CDATA[]]></system-err>
</testsuite>
